<?xml version="1.0" encoding="UTF-8"?>
<!-- Generated by org.testng.reporters.JUnitXMLReporter -->
<testsuite ignored="0" hostname="AZMAL" failures="0" tests="1" name="Command line test" time="0.055" errors="0" timestamp="2022-07-01T17:39:29 IST">
  <testcase classname="com.demo.qa.test.BaseTest" name="@BeforeClass getDriver" time="0.014">
    <failure type="java.lang.NullPointerException" message="Cannot invoke &amp;quot;String.equalsIgnoreCase(String)&amp;quot; because &amp;quot;browserName&amp;quot; is null">
      <![CDATA[java.lang.NullPointerException: Cannot invoke "String.equalsIgnoreCase(String)" because "browserName" is null
at com.demo.qa.test.BaseTest.getDriver(BaseTest.java:49)
at java.base/java.util.ArrayList.forEach(ArrayList.java:1511)
... Removed 31 stack frames]]>
    </failure>
  </testcase> <!-- @BeforeClass getDriver -->
  <testcase classname="com.demo.qa.test.ElementsTest" name="elementsTest" time="0.0">
    <skipped/>
  </testcase> <!-- elementsTest -->
</testsuite> <!-- Command line test -->
